  main.cpp
main.cpp(39): warning C4244: 'initializing': conversion from 'float' to 'int', possible loss of data
main.cpp(47): warning C4244: 'argument': conversion from 'int' to 'float', possible loss of data
main.cpp(48): warning C4244: 'argument': conversion from 'int' to 'float', possible loss of data
main.cpp(49): warning C4244: 'argument': conversion from 'int' to 'float', possible loss of data
main.cpp(50): warning C4244: 'argument': conversion from 'int' to 'float', possible loss of data
main.cpp(83): warning C4244: 'argument': conversion from 'unsigned int' to 'float', possible loss of data
main.cpp(83): warning C4244: 'argument': conversion from 'int' to 'float', possible loss of data
main.cpp(84): warning C4244: 'argument': conversion from 'unsigned int' to 'float', possible loss of data
main.cpp(84): warning C4244: 'argument': conversion from 'int' to 'float', possible loss of data
main.cpp(85): warning C4244: 'argument': conversion from 'unsigned int' to 'float', possible loss of data
main.cpp(85): warning C4244: 'argument': conversion from 'int' to 'float', possible loss of data
main.cpp(86): warning C4244: 'argument': conversion from 'unsigned int' to 'float', possible loss of data
main.cpp(86): warning C4244: 'argument': conversion from 'int' to 'float', possible loss of data
main.cpp(103): warning C4244: 'argument': conversion from 'unsigned int' to 'float', possible loss of data
     Creating library C:\Users\Student\Documents\Visual Sort\Visual Sort\x64\Release\Visual Sort.lib and object C:\Users\Student\Documents\Visual Sort\Visual Sort\x64\Release\Visual Sort.exp
main.obj : error LNK2001: unresolved external symbol "__declspec(dllimport) public: static class sf::RenderStates const sf::RenderStates::Default" (__imp_?Default@RenderStates@sf@@2V12@B)
main.obj : error LNK2001: unresolved external symbol "__declspec(dllimport) public: static class sf::Color const sf::Color::White" (__imp_?White@Color@sf@@2V12@B)
main.obj : error LNK2001: unresolved external symbol "__declspec(dllimport) public: virtual class sf::Vector2<unsigned int> __cdecl sf::RenderWindow::getSize(void)const " (__imp_?getSize@RenderWindow@sf@@UEBA?AV?$Vector2@I@2@XZ)
main.obj : error LNK2001: unresolved external symbol "__declspec(dllimport) public: virtual __cdecl sf::RenderWindow::~RenderWindow(void)" (__imp_??1RenderWindow@sf@@UEAA@XZ)
main.obj : error LNK2001: unresolved external symbol "__declspec(dllimport) public: __cdecl sf::RenderWindow::RenderWindow(class sf::VideoMode,class sf::String const &,unsigned int,struct sf::ContextSettings const &)" (__imp_??0RenderWindow@sf@@QEAA@VVideoMode@1@AEBVString@1@IAEBUContextSettings@1@@Z)
main.obj : error LNK2001: unresolved external symbol "__declspec(dllimport) public: __cdecl sf::Color::Color(unsigned char,unsigned char,unsigned char,unsigned char)" (__imp_??0Color@sf@@QEAA@EEEE@Z)
main.obj : error LNK2001: unresolved external symbol "__declspec(dllimport) private: virtual void __cdecl sf::VertexArray::draw(class sf::RenderTarget &,class sf::RenderStates)const " (__imp_?draw@VertexArray@sf@@EEBAXAEAVRenderTarget@2@VRenderStates@2@@Z)
main.obj : error LNK2001: unresolved external symbol "__declspec(dllimport) public: class sf::Rect<float> __cdecl sf::VertexArray::getBounds(void)const " (__imp_?getBounds@VertexArray@sf@@QEBA?AV?$Rect@M@2@XZ)
main.obj : error LNK2001: unresolved external symbol "__declspec(dllimport) public: class sf::Vertex & __cdecl sf::VertexArray::operator[](unsigned __int64)" (__imp_??AVertexArray@sf@@QEAAAEAVVertex@1@_K@Z)
main.obj : error LNK2001: unresolved external symbol "__declspec(dllimport) public: __cdecl sf::VertexArray::VertexArray(enum sf::PrimitiveType,unsigned __int64)" (__imp_??0VertexArray@sf@@QEAA@W4PrimitiveType@1@_K@Z)
main.obj : error LNK2001: unresolved external symbol "__declspec(dllimport) public: static class sf::Color const sf::Color::Red" (__imp_?Red@Color@sf@@2V12@B)
main.obj : error LNK2001: unresolved external symbol "__declspec(dllimport) public: void __cdecl sf::Window::display(void)" (__imp_?display@Window@sf@@QEAAXXZ)
main.obj : error LNK2001: unresolved external symbol "__declspec(dllimport) public: void __cdecl sf::Window::setFramerateLimit(unsigned int)" (__imp_?setFramerateLimit@Window@sf@@QEAAXI@Z)
main.obj : error LNK2001: unresolved external symbol "__declspec(dllimport) public: void __cdecl sf::Window::setVerticalSyncEnabled(bool)" (__imp_?setVerticalSyncEnabled@Window@sf@@QEAAX_N@Z)
main.obj : error LNK2001: unresolved external symbol "__declspec(dllimport) public: bool __cdecl sf::Window::pollEvent(class sf::Event &)" (__imp_?pollEvent@Window@sf@@QEAA_NAEAVEvent@2@@Z)
main.obj : error LNK2001: unresolved external symbol "__declspec(dllimport) public: bool __cdecl sf::Window::isOpen(void)const " (__imp_?isOpen@Window@sf@@QEBA_NXZ)
main.obj : error LNK2001: unresolved external symbol "__declspec(dllimport) public: void __cdecl sf::Window::close(void)" (__imp_?close@Window@sf@@QEAAXXZ)
main.obj : error LNK2001: unresolved external symbol "__declspec(dllimport) public: void __cdecl sf::RenderTarget::draw(class sf::Drawable const &,class sf::RenderStates const &)" (__imp_?draw@RenderTarget@sf@@QEAAXAEBVDrawable@2@AEBVRenderStates@2@@Z)
main.obj : error LNK2001: unresolved external symbol "__declspec(dllimport) public: void __cdecl sf::RenderTarget::clear(class sf::Color const &)" (__imp_?clear@RenderTarget@sf@@QEAAXAEBVColor@2@@Z)
main.obj : error LNK2001: unresolved external symbol "__declspec(dllimport) public: __cdecl sf::String::String(char const *,class std::locale const &)" (__imp_??0String@sf@@QEAA@PEBDAEBVlocale@std@@@Z)
main.obj : error LNK2001: unresolved external symbol "__declspec(dllimport) public: __cdecl sf::VideoMode::VideoMode(unsigned int,unsigned int,unsigned int)" (__imp_??0VideoMode@sf@@QEAA@III@Z)
main.obj : error LNK2001: unresolved external symbol "__declspec(dllimport) public: __cdecl sf::String::~String(void)" (__imp_??1String@sf@@QEAA@XZ)
main.obj : error LNK2001: unresolved external symbol "__declspec(dllimport) public: __cdecl sf::VertexArray::VertexArray(class sf::VertexArray const &)" (__imp_??0VertexArray@sf@@QEAA@AEBV01@@Z)
main.obj : error LNK2001: unresolved external symbol "__declspec(dllimport) public: virtual __cdecl sf::VertexArray::~VertexArray(void)" (__imp_??1VertexArray@sf@@UEAA@XZ)
C:\Users\Student\Documents\Visual Sort\Visual Sort\x64\Release\Visual Sort.exe : fatal error LNK1120: 24 unresolved externals
